    Checking hello-world v0.1.0 (/Users/amauryd/Projects/hello-world)
warning: unused variable: `a`
 --> src/main.rs:7:9
  |
7 |     let a = 1;
  |         ^ help: if this is intentional, prefix it with an underscore: `_a`
  |
  = note: `#[warn(unused_variables)]` on by default

warning: constant `MATH_PI` is never used
 --> src/main.rs:1:7
  |
1 | const MATH_PI: f64 = 3.14159265359;
  |       ^^^^^^^
  |
  = note: `#[warn(dead_code)]` on by default

error: approximate value of `f{32, 64}::consts::PI` found
 --> src/main.rs:1:22
  |
1 | const MATH_PI: f64 = 3.14159265359;
  |                      ^^^^^^^^^^^^^
  |
  = help: consider using the constant directly
  = help: for further information visit https://rust-lang.github.io/rust-clippy/master/index.html#approx_constant
  = note: `#[deny(clippy::approx_constant)]` on by default

warning: variable `maVariable` should have a snake case name
 --> src/main.rs:9:9
  |
9 |     let maVariable = 1;
  |         ^^^^^^^^^^ help: convert the identifier to snake case: `ma_variable`
  |
  = note: `#[warn(non_snake_case)]` on by default

warning: `hello-world` (bin "hello-world") generated 3 warnings
error: could not compile `hello-world` (bin "hello-world") due to 1 previous error; 3 warnings emitted
